{"synthetic": false,
 "schemaVersion": "2025-09-10",
 "outputs": "2a547816084a2409.exe",
 "log":
 [{"message":
   ".> c:\\Users\\fusha\\.elan\\toolchains\\leanprover--lean4---v4.32.0\\bin\\clang.exe -o D:\\ucla\\Rowling的神奇知识库\\LEAN with Rowling!\\proofnet-ir\\consumer-v07-candidate-smoke\\.lake\\build\\bin\\proofnet_ir_v07_candidate_consumer_smoke.exe @D:\\ucla\\Rowling的神奇知识库\\LEAN with Rowling!\\proofnet-ir\\consumer-v07-candidate-smoke\\.lake\\build\\bin\\proofnet_ir_v07_candidate_consumer_smoke.exe.rsp",
   "level": "trace"}],
 "inputs":
 [["linkObjs",
   [["D:\\ucla\\Rowling的神奇知识库\\LEAN with Rowling!\\proofnet-ir\\consumer-v07-candidate-smoke\\.lake\\build\\ir\\Main.c.o.noexport",
     "60e7f181e2c716b7"],
    ["D:\\ucla\\Rowling的神奇知识库\\LEAN with Rowling!\\proofnet-ir\\consumer-v07-candidate-smoke\\.lake\\packages\\proofnet-ir\\.lake\\build\\ir\\ProofNetIR\\Formula.c.o.noexport",
     "987dd105ecd20efa"],
    ["D:\\ucla\\Rowling的神奇知识库\\LEAN with Rowling!\\proofnet-ir\\consumer-v07-candidate-smoke\\.lake\\packages\\proofnet-ir\\.lake\\build\\ir\\ProofNetIR\\Certificate.c.o.noexport",
     "b49fe008a9b28387"],
    ["D:\\ucla\\Rowling的神奇知识库\\LEAN with Rowling!\\proofnet-ir\\consumer-v07-candidate-smoke\\.lake\\packages\\proofnet-ir\\.lake\\build\\ir\\ProofNetIR\\Graph.c.o.noexport",
     "5ed9d33ef9586780"],
    ["D:\\ucla\\Rowling的神奇知识库\\LEAN with Rowling!\\proofnet-ir\\consumer-v07-candidate-smoke\\.lake\\packages\\proofnet-ir\\.lake\\build\\ir\\ProofNetIR\\Checker.c.o.noexport",
     "3cec4e4c54a7de90"],
    ["D:\\ucla\\Rowling的神奇知识库\\LEAN with Rowling!\\proofnet-ir\\consumer-v07-candidate-smoke\\.lake\\packages\\proofnet-ir\\.lake\\build\\ir\\ProofNetIR\\Reindex.c.o.noexport",
     "e39c1d350d6e7c7a"],
    ["D:\\ucla\\Rowling的神奇知识库\\LEAN with Rowling!\\proofnet-ir\\consumer-v07-candidate-smoke\\.lake\\packages\\proofnet-ir\\.lake\\build\\ir\\ProofNetIR\\Generate.c.o.noexport",
     "b1f3331cffdf382e"],
    ["D:\\ucla\\Rowling的神奇知识库\\LEAN with Rowling!\\proofnet-ir\\consumer-v07-candidate-smoke\\.lake\\packages\\proofnet-ir\\.lake\\build\\ir\\ProofNetIR\\Reconstruct.c.o.noexport",
     "59325baee82eea9f"],
    ["D:\\ucla\\Rowling的神奇知识库\\LEAN with Rowling!\\proofnet-ir\\consumer-v07-candidate-smoke\\.lake\\packages\\proofnet-ir\\.lake\\build\\ir\\ProofNetIR\\Mutation.c.o.noexport",
     "340c3a94d18dec8f"],
    ["D:\\ucla\\Rowling的神奇知识库\\LEAN with Rowling!\\proofnet-ir\\consumer-v07-candidate-smoke\\.lake\\packages\\proofnet-ir\\.lake\\build\\ir\\ProofNetIR\\DerivationTree.c.o.noexport",
     "fa4a63be4b08be10"],
    ["D:\\ucla\\Rowling的神奇知识库\\LEAN with Rowling!\\proofnet-ir\\consumer-v07-candidate-smoke\\.lake\\packages\\proofnet-ir\\.lake\\build\\ir\\ProofNetIR\\Serialization.c.o.noexport",
     "29351c546536056f"],
    ["D:\\ucla\\Rowling的神奇知识库\\LEAN with Rowling!\\proofnet-ir\\consumer-v07-candidate-smoke\\.lake\\packages\\proofnet-ir\\.lake\\build\\ir\\ProofNetIR\\NetEquivalence.c.o.noexport",
     "409f9eb17f9aed06"],
    ["D:\\ucla\\Rowling的神奇知识库\\LEAN with Rowling!\\proofnet-ir\\consumer-v07-candidate-smoke\\.lake\\packages\\proofnet-ir\\.lake\\build\\ir\\ProofNetIR\\Sequentialization.c.o.noexport",
     "6565e3df1bed2e74"],
    ["D:\\ucla\\Rowling的神奇知识库\\LEAN with Rowling!\\proofnet-ir\\consumer-v07-candidate-smoke\\.lake\\packages\\proofnet-ir\\.lake\\build\\ir\\ProofNetIR\\LocalIdentity.c.o.noexport",
     "d5f1fb68f37e5453"],
    ["D:\\ucla\\Rowling的神奇知识库\\LEAN with Rowling!\\proofnet-ir\\consumer-v07-candidate-smoke\\.lake\\packages\\proofnet-ir\\.lake\\build\\ir\\ProofNetIR\\GraphComposition.c.o.noexport",
     "e96b6bfe95a81ed3"],
    ["D:\\ucla\\Rowling的神奇知识库\\LEAN with Rowling!\\proofnet-ir\\consumer-v07-candidate-smoke\\.lake\\packages\\proofnet-ir\\.lake\\build\\ir\\ProofNetIR\\SwitchingComposition.c.o.noexport",
     "af89e43063891f6f"],
    ["D:\\ucla\\Rowling的神奇知识库\\LEAN with Rowling!\\proofnet-ir\\consumer-v07-candidate-smoke\\.lake\\packages\\proofnet-ir\\.lake\\build\\ir\\ProofNetIR\\StructuralComposition.c.o.noexport",
     "f1159bedff10d79e"],
    ["D:\\ucla\\Rowling的神奇知识库\\LEAN with Rowling!\\proofnet-ir\\consumer-v07-candidate-smoke\\.lake\\packages\\proofnet-ir\\.lake\\build\\ir\\ProofNetIR\\DesequentializationSoundness.c.o.noexport",
     "955a8bc3581c125c"],
    ["D:\\ucla\\Rowling的神奇知识库\\LEAN with Rowling!\\proofnet-ir\\consumer-v07-candidate-smoke\\.lake\\packages\\proofnet-ir\\.lake\\build\\ir\\ProofNetIR\\ExecutableSequentialization.c.o.noexport",
     "db5b88015cff3bc1"],
    ["D:\\ucla\\Rowling的神奇知识库\\LEAN with Rowling!\\proofnet-ir\\consumer-v07-candidate-smoke\\.lake\\packages\\proofnet-ir\\.lake\\build\\ir\\ProofNetIR\\StructuralCode.c.o.noexport",
     "37b60ea8a555976b"],
    ["D:\\ucla\\Rowling的神奇知识库\\LEAN with Rowling!\\proofnet-ir\\consumer-v07-candidate-smoke\\.lake\\packages\\proofnet-ir\\.lake\\build\\ir\\ProofNetIR\\ProofNetCanonical.c.o.noexport",
     "4bccf696e558a058"],
    ["D:\\ucla\\Rowling的神奇知识库\\LEAN with Rowling!\\proofnet-ir\\consumer-v07-candidate-smoke\\.lake\\packages\\proofnet-ir\\.lake\\build\\ir\\ProofNetIR\\ProofNetIdentity.c.o.noexport",
     "1b5c094883b1a838"],
    ["D:\\ucla\\Rowling的神奇知识库\\LEAN with Rowling!\\proofnet-ir\\consumer-v07-candidate-smoke\\.lake\\packages\\proofnet-ir\\.lake\\build\\ir\\ProofNetIR\\Parser.c.o.noexport",
     "845d58fa84241296"],
    ["D:\\ucla\\Rowling的神奇知识库\\LEAN with Rowling!\\proofnet-ir\\consumer-v07-candidate-smoke\\.lake\\packages\\proofnet-ir\\.lake\\build\\ir\\ProofNetIR\\CanonicalKeyWire.c.o.noexport",
     "08e50acab5bb79c7"],
    ["D:\\ucla\\Rowling的神奇知识库\\LEAN with Rowling!\\proofnet-ir\\consumer-v07-candidate-smoke\\.lake\\packages\\proofnet-ir\\.lake\\build\\ir\\ProofNetIR\\LeanPropBridge.c.o.noexport",
     "6cc28331b3510ed4"],
    ["D:\\ucla\\Rowling的神奇知识库\\LEAN with Rowling!\\proofnet-ir\\consumer-v07-candidate-smoke\\.lake\\packages\\proofnet-ir\\.lake\\build\\ir\\ProofNetIR\\LeanPropNormalization.c.o.noexport",
     "8c6e9b4479e05c73"],
    ["D:\\ucla\\Rowling的神奇知识库\\LEAN with Rowling!\\proofnet-ir\\consumer-v07-candidate-smoke\\.lake\\packages\\proofnet-ir\\.lake\\build\\ir\\ProofNetIR\\LeanPropTemplates.c.o.noexport",
     "6b638b3f64cd4768"],
    ["D:\\ucla\\Rowling的神奇知识库\\LEAN with Rowling!\\proofnet-ir\\consumer-v07-candidate-smoke\\.lake\\packages\\proofnet-ir\\.lake\\build\\ir\\ProofNetIR\\LeanPropSchema.c.o.noexport",
     "9a6272e3c4cc909c"],
    ["D:\\ucla\\Rowling的神奇知识库\\LEAN with Rowling!\\proofnet-ir\\consumer-v07-candidate-smoke\\.lake\\packages\\proofnet-ir\\.lake\\build\\ir\\ProofNetIR\\LeanPropRaw.c.o.noexport",
     "31bf091fcd30c4ca"],
    ["D:\\ucla\\Rowling的神奇知识库\\LEAN with Rowling!\\proofnet-ir\\consumer-v07-candidate-smoke\\.lake\\packages\\proofnet-ir\\.lake\\build\\ir\\ProofNetIR\\LeanPropElaboration.c.o.noexport",
     "1d2071e5eb9f0079"],
    ["D:\\ucla\\Rowling的神奇知识库\\LEAN with Rowling!\\proofnet-ir\\consumer-v07-candidate-smoke\\.lake\\packages\\proofnet-ir\\.lake\\build\\ir\\ProofNetIR\\LeanPropSchemaWire.c.o.noexport",
     "379356f3074ebd33"],
    ["D:\\ucla\\Rowling的神奇知识库\\LEAN with Rowling!\\proofnet-ir\\consumer-v07-candidate-smoke\\.lake\\packages\\proofnet-ir\\.lake\\build\\ir\\ProofNetIR\\LeanPropSchemaCorpus.c.o.noexport",
     "1d3a1d6c15a3f2a7"],
    ["D:\\ucla\\Rowling的神奇知识库\\LEAN with Rowling!\\proofnet-ir\\consumer-v07-candidate-smoke\\.lake\\packages\\proofnet-ir\\.lake\\build\\ir\\ProofNetIR.c.o.noexport",
     "1e809c8bb1da8690"]]],
  ["linkLibs", "00000000000006bb"],
  ["Lean 4.32.0, commit 8c9756b28d64dab099da31a4c09229a9e6a2ef35",
   "5d4a267a1ba5cafb"],
  ["traceArgs: #[-Wl,--whole-archive, -lleanmanifest, -Wl,--no-whole-archive]",
   "d9dc93f51f923c09"],
  ["x86_64-w64-windows-gnu", "360db333d006d911"]],
 "depHash": "e96963f3182effa1"}