{"synthetic": false,
 "schemaVersion": "2025-09-10",
 "outputs":
 {"o": ["d3d30f0ea3071afd.olean"],
  "m": false,
  "i": "2af97c32cfe2655a.ilean",
  "c": "435a55dab99dbd4e.c"},
 "log":
 [{"message":
   ".> LEAN_PATH=D:\\ucla\\Rowling的神奇知识库\\LEAN with Rowling!\\proofnet-ir\\consumer-v07-candidate-smoke\\.lake\\packages\\proofnet-ir\\.lake\\build\\lib\\lean;D:\\ucla\\Rowling的神奇知识库\\LEAN with Rowling!\\proofnet-ir\\consumer-v07-candidate-smoke\\.lake\\build\\lib\\lean c:\\Users\\fusha\\.elan\\toolchains\\leanprover--lean4---v4.32.0\\bin\\lean.exe D:\\ucla\\Rowling的神奇知识库\\LEAN with Rowling!\\proofnet-ir\\consumer-v07-candidate-smoke\\Main.lean -o D:\\ucla\\Rowling的神奇知识库\\LEAN with Rowling!\\proofnet-ir\\consumer-v07-candidate-smoke\\.lake\\build\\lib\\lean\\Main.olean -i D:\\ucla\\Rowling的神奇知识库\\LEAN with Rowling!\\proofnet-ir\\consumer-v07-candidate-smoke\\.lake\\build\\lib\\lean\\Main.ilean -c D:\\ucla\\Rowling的神奇知识库\\LEAN with Rowling!\\proofnet-ir\\consumer-v07-candidate-smoke\\.lake\\build\\ir\\Main.c --setup D:\\ucla\\Rowling的神奇知识库\\LEAN with Rowling!\\proofnet-ir\\consumer-v07-candidate-smoke\\.lake\\build\\ir\\Main.setup.json --json",
   "level": "trace"}],
 "inputs":
 [["Main:deps",
   [["deps",
     [["«proofnet-ir-v07-candidate-consumer-smoke»/proofnet_ir_v07_candidate_consumer_smoke:extraDep",
       [["@«proofnet-ir-v07-candidate-consumer-smoke»:extraDep",
         "00000000000006bb"]]],
      ["imports",
       [["ProofNetIR transitive imports (legacy)", "9d5842f8b6b99b8d"],
        ["ProofNetIR:importAllArts", "c813f6427d6dd621"]]]]],
    ["libs",
     [["import dynlibs", "00000000000006bb"],
      ["package external libraries", "00000000000006bb"],
      ["module dynlibs", "00000000000006bb"],
      ["module plugins", "00000000000006bb"]]]]],
  ["Lean 4.32.0, commit 8c9756b28d64dab099da31a4c09229a9e6a2ef35",
   "5d4a267a1ba5cafb"],
  ["D:\\ucla\\Rowling的神奇知识库\\LEAN with Rowling!\\proofnet-ir\\consumer-v07-candidate-smoke\\Main.lean",
   "dfc149e5902c0385"],
  ["options", "00000000000006bb"],
  ["isModule: false", "feefd2a0d3a1847e"],
  ["Module.name: Main", "f2a1fd945cf30c62"],
  ["Package.id?: (some proofnet-ir-v07-candidate-consumer-smoke)",
   "d0bb15660e00022b"],
  ["Module.leanArgs: #[]", "00000000000006bb"]],
 "depHash": "74d8d11d6a9b8041"}